Arguments: 
  /usr/local/bin/node /usr/local/Cellar/yarn/1.21.1/libexec/bin/yarn.js install

PATH: 
  /Users/Developer/.sdkbox/bin:/opt/local/bin:/opt/local/sbin:/usr/local/Cellar/openresty/1.13.6.1//bin:/usr/local/Cellar/openresty/1.13.6.1//nginx/sbin:/usr/local/bin:/usr/bin:/bin:/usr/sbin:/sbin:/usr/local/share/dotnet:/opt/X11/bin:/Library/Frameworks/Mono.framework/Versions/Current/Commands:/Applications/Xamarin Workbooks.app/Contents/SharedSupport/path-bin:/usr/local/opt/nvm/versions/node/v10.18.1/bin:/Users/Developer/.sdkbox/bin:/opt/local/bin:/opt/local/sbin:/usr/local/Cellar/openresty/1.13.6.1//bin:/usr/local/Cellar/openresty/1.13.6.1//nginx/sbin:/Users/Developer/go/bin:/Users/Developer/go/src/github.com/ry/v8worker2/depot_tools:/Users/Developer/Work/flutter/bin:/Users/Developer/go/src/github.com/ry/deno:/Users/Developer/Library/apache-maven-3.5.2/bin:/Users/Developer/Library/Android/sdk/tools:/Users/Developer/Library/Android/sdk/platform-tools:/Users/Developer/Library/flutter/bin:/Users/Developer/go/bin:/Users/Developer/go/src/github.com/ry/v8worker2/depot_tools:/Users/Developer/Work/flutter/bin:/Users/Developer/go/src/github.com/ry/deno:/Users/Developer/Library/apache-maven-3.5.2/bin:/Users/Developer/Library/Android/sdk/tools:/Users/Developer/Library/Android/sdk/platform-tools:/Users/Developer/Library/flutter/bin

Yarn version: 
  1.21.1

Node version: 
  8.0.0

Platform: 
  darwin x64

Trace: 
  SyntaxError: /Users/Developer/Work/openSource/cross2d_packages/react-native-wechat/package.json: Unexpected token } in JSON at position 949
      at JSON.parse (<anonymous>)
      at /usr/local/Cellar/yarn/1.21.1/libexec/lib/cli.js:1625:59
      at Generator.next (<anonymous>)
      at step (/usr/local/Cellar/yarn/1.21.1/libexec/lib/cli.js:310:30)
      at /usr/local/Cellar/yarn/1.21.1/libexec/lib/cli.js:321:13
      at <anonymous>

npm manifest: 
  {
    "name": "@cross2d/react-native-wechat",
    "version": "1.0.4",
    "description": "react-native library for wechat app",
    "main": "index.js",
    "scripts": {
      "test": "echo 1",
      "release":"npm publish --access public"
    },
    "repository": {
      "type": "git",
      "url": "git+ssh://git@github.com/weflex/react-native-wechat.git"
    },
    "keywords": [
      "wechat",
      "react",
      "react-native",
      "react-component",
      "ios"
    ],
    "dependencies": {
      "events": "1.0.2"
    },
    "peerDependencies": {
      "react-native": ">=0.40"
    },
    "author": "Yorkie Liu <yorkiefixer@gmail.com>",
    "contributors": [
      {
        "name": "Yorkie Liu",
        "email": "yorkiefixer@gmail.com"
      },
      {
        "name": "Deng Yun",
        "email": "tdzl2003@gmail.com"
      }
    ],
    "license": "MIT",
    "bugs": {
      "url": "https://github.com/weflex/react-native-wechat/issues"
    },
    "homepage": "https://github.com/weflex/react-native-wechat#readme",
  }

yarn manifest: 
  No manifest

Lockfile: 
  # THIS IS AN AUTOGENERATED FILE. DO NOT EDIT THIS FILE DIRECTLY.
  # yarn lockfile v1
  
  
  events@1.0.2:
    version "1.0.2"
    resolved "https://registry.yarnpkg.com/events/-/events-1.0.2.tgz#75849dcfe93d10fb057c30055afdbd51d06a8e24"
